2023-01-12 14:13:45 [31merror[39m: hi 
2023-01-12 14:14:04 [31merror[39m: hello world 
2023-01-12 14:14:28 [31merror[39m: hello world 
2023-01-12 14:14:32 [31merror[39m: hello world 
2023-01-12 14:15:00 [31merror[39m: hello world asd 
2023-01-12 14:15:06 [31merror[39m: hello world 
2023-01-12 14:15:26 [31merror[39m: / hello world 
2023-01-12 14:15:32 [31merror[39m: hello world 
2023-01-12 14:15:49 [31merror[39m: hello world  undefined
2023-01-12 14:16:34 [31merror[39m: hello world
2023-01-12 14:16:36 [31merror[39m: hello world
2023-01-12 14:16:37 [31merror[39m: hello world
2023-01-12 14:17:22 [undefined] [31merror[39m: hello world
2023-01-12 14:17:24 [undefined] [31merror[39m: hello world
2023-01-12 14:17:33 [31merror[39m: hello world
2023-01-12 14:18:43 [31merror[39m: hello world
2023-01-12 14:20:15 [31merror[39m: hello world
2023-01-12 14:20:18 [31merror[39m: hello world
2023-01-12 14:20:25 [31merror[39m: hello world
2023-01-12 14:21:41 [33mwarn[39m: hi 
2023-01-12 14:22:21 [33mwarn[39m: hi 
2023-01-12 14:22:26 [33mwarn[39m: hi 
2023-01-12 14:22:29 [33mwarn[39m: hi 
2023-01-12 14:23:06 [33mwarn[39m: hi 
2023-01-12 14:23:08 [33mwarn[39m: hi 
2023-01-12 14:23:09 [33mwarn[39m: hi 
2023-01-12 14:23:11 [33mwarn[39m: hi 
2023-01-12 14:23:11 [33mwarn[39m: hi 
2023-01-12 14:23:12 [33mwarn[39m: hi 
2023-01-12 14:23:12 [33mwarn[39m: hi 
2023-01-12 14:23:12 [33mwarn[39m: hi 
